<?xml version="1.0" encoding="UTF-8"?>
<!-- Generated by org.testng.reporters.JUnitXMLReporter -->
<testsuite ignored="0" hostname="DCSaab-Laptop" failures="1" tests="2" name="Test" time="12.284" errors="0" timestamp="2022-11-26T08:57:32 IST">
  <testcase classname="testlayer.LoginTest" name="Login" time="0.828"/>
  <testcase classname="testlayer.LoginTest" name="gettitle" time="0.041">
    <failure type="java.lang.AssertionError" message="expected [url] but found [http://demo.sentrifugo.com/index.php/]">
      <![CDATA[java.lang.AssertionError: expected [url] but found [http://demo.sentrifugo.com/index.php/]
at testlayer.LoginTest.gettitle(LoginTest.java:35)
at java.base/java.util.ArrayList.forEach(ArrayList.java:1511)
... Removed 32 stack frames]]>
    </failure>
  </testcase> <!-- gettitle -->
</testsuite> <!-- Test -->
